<?xml version="1.0" encoding="UTF-8"?>
<!-- Generated by org.testng.reporters.JUnitReportReporter -->
<testsuite skipped="0" hostname="GITAADHIKARI" name="com.saucedemo.qa.testcases.YourCartPageTest" tests="2" failures="0" timestamp="20 Sep 2019 03:21:02 GMT" time="25.475" errors="0">
  <testcase name="verifyHeaderTextl" time="13.397" classname="com.saucedemo.qa.testcases.YourCartPageTest"/>
  <testcase name="clickOnCheckoutButtonTest" time="12.078" classname="com.saucedemo.qa.testcases.YourCartPageTest"/>
</testsuite> <!-- com.saucedemo.qa.testcases.YourCartPageTest -->
