<?xml version="1.0" encoding="UTF-8"?>
<!-- Generated by org.testng.reporters.JUnitReportReporter -->
<testsuite skipped="0" hostname="GITAADHIKARI" name="com.saucedemo.qa.testcases.CheckOutPageTest" tests="2" failures="0" timestamp="20 Sep 2019 03:21:02 GMT" time="25.135" errors="0">
  <testcase name="verifyTitleTextTest" time="11.878" classname="com.saucedemo.qa.testcases.CheckOutPageTest"/>
  <testcase name="checkoutSubmitTest" time="13.257" classname="com.saucedemo.qa.testcases.CheckOutPageTest"/>
</testsuite> <!-- com.saucedemo.qa.testcases.CheckOutPageTest -->
