<?xml version="1.0" encoding="UTF-8"?>
<!-- Generated by org.testng.reporters.JUnitReportReporter -->
<testsuite skipped="0" hostname="GITAADHIKARI" name="com.saucedemo.qa.testcases.LoginPageTest" tests="2" failures="0" timestamp="20 Sep 2019 03:21:02 GMT" time="23.909" errors="0">
  <testcase name="lginPageTitleTest" time="12.494" classname="com.saucedemo.qa.testcases.LoginPageTest"/>
  <testcase name="loginTest" time="11.415" classname="com.saucedemo.qa.testcases.LoginPageTest"/>
</testsuite> <!-- com.saucedemo.qa.testcases.LoginPageTest -->
