<?xml version="1.0" encoding="UTF-8"?>
<!-- Generated by org.testng.reporters.JUnitReportReporter -->
<testsuite skipped="0" hostname="GITAADHIKARI" name="com.saucedemo.qa.testcases.HomePageTest" tests="3" failures="0" timestamp="20 Sep 2019 03:21:02 GMT" time="35.994" errors="0">
  <testcase name="verifyHomePageTest" time="12.270" classname="com.saucedemo.qa.testcases.HomePageTest"/>
  <testcase name="veriFyProductsLabelTest" time="11.509" classname="com.saucedemo.qa.testcases.HomePageTest"/>
  <testcase name="veriFySauceLabsBackpackPage" time="12.215" classname="com.saucedemo.qa.testcases.HomePageTest"/>
</testsuite> <!-- com.saucedemo.qa.testcases.HomePageTest -->
