<?xml version="1.0" encoding="UTF-8"?>
<!-- Generated by org.testng.reporters.JUnitReportReporter -->
<testsuite skipped="0" hostname="GITAADHIKARI" name="com.saucedemo.qa.testcases.CheckOutConfirmPageTest" tests="3" failures="0" timestamp="20 Sep 2019 03:21:02 GMT" time="41.755" errors="0">
  <testcase name="verifyTitleTextTest" time="12.375" classname="com.saucedemo.qa.testcases.CheckOutConfirmPageTest"/>
  <testcase name="verifyPaymentInfoTest" time="15.234" classname="com.saucedemo.qa.testcases.CheckOutConfirmPageTest"/>
  <testcase name="clickOnfinishBtntest" time="14.146" classname="com.saucedemo.qa.testcases.CheckOutConfirmPageTest"/>
</testsuite> <!-- com.saucedemo.qa.testcases.CheckOutConfirmPageTest -->
