<?xml version="1.0" encoding="UTF-8"?>
<!-- Generated by org.testng.reporters.JUnitReportReporter -->
<testsuite skipped="0" hostname="GITAADHIKARI" name="com.saucedemo.qa.testcases.SauceLabsBackpackPageTest" tests="3" failures="0" timestamp="20 Sep 2019 03:21:02 GMT" time="36.082" errors="0">
  <testcase name="verifyHeaderLabel" time="11.701" classname="com.saucedemo.qa.testcases.SauceLabsBackpackPageTest"/>
  <testcase name="clickOnAddtoCartTest" time="12.220" classname="com.saucedemo.qa.testcases.SauceLabsBackpackPageTest"/>
  <testcase name="clickOnShoppingCartBadgeTest" time="12.161" classname="com.saucedemo.qa.testcases.SauceLabsBackpackPageTest"/>
</testsuite> <!-- com.saucedemo.qa.testcases.SauceLabsBackpackPageTest -->
